0 info it worked if it ends with ok
1 verbose cli [ '/Users/alexbannon/.nvm/versions/node/v7.4.0/bin/node',
1 verbose cli   '/Users/alexbannon/.nvm/versions/node/v7.4.0/bin/npm',
1 verbose cli   'run',
1 verbose cli   'jshint' ]
2 info using npm@4.0.5
3 info using node@v7.4.0
4 verbose run-script [ 'prejshint', 'jshint', 'postjshint' ]
5 info lifecycle browserstream@0.0.0~prejshint: browserstream@0.0.0
6 silly lifecycle browserstream@0.0.0~prejshint: no script for prejshint, continuing
7 info lifecycle browserstream@0.0.0~jshint: browserstream@0.0.0
8 verbose lifecycle browserstream@0.0.0~jshint: unsafe-perm in lifecycle true
9 verbose lifecycle browserstream@0.0.0~jshint: PATH: /Users/alexbannon/.nvm/versions/node/v7.4.0/lib/node_modules/npm/bin/node-gyp-bin:/Users/alexbannon/alex/projects/browserstream/node_modules/.bin:/Users/alexbannon/.nvm/versions/node/v7.4.0/bin:/usr/local/opt/gradle//bin:/usr/local/opt/android-sdk/platform-tools:/usr/local/opt/android-sdk/platforms:/usr/local/opt/android-sdk/tools:/usr/local/bin:/usr/bin:/bin:/usr/sbin:/sbin:/Users/alexbannon/.node/bin
10 verbose lifecycle browserstream@0.0.0~jshint: CWD: /Users/alexbannon/alex/projects/browserstream
11 silly lifecycle browserstream@0.0.0~jshint: Args: [ '-c', 'jshint .' ]
12 silly lifecycle browserstream@0.0.0~jshint: Returned: code: 2  signal: null
13 info lifecycle browserstream@0.0.0~jshint: Failed to exec jshint script
14 verbose stack Error: browserstream@0.0.0 jshint: `jshint .`
14 verbose stack Exit status 2
14 verbose stack     at EventEmitter.<anonymous> (/Users/alexbannon/.nvm/versions/node/v7.4.0/lib/node_modules/npm/lib/utils/lifecycle.js:279:16)
14 verbose stack     at emitTwo (events.js:106:13)
14 verbose stack     at EventEmitter.emit (events.js:191:7)
14 verbose stack     at ChildProcess.<anonymous> (/Users/alexbannon/.nvm/versions/node/v7.4.0/lib/node_modules/npm/lib/utils/spawn.js:40:14)
14 verbose stack     at emitTwo (events.js:106:13)
14 verbose stack     at ChildProcess.emit (events.js:191:7)
14 verbose stack     at maybeClose (internal/child_process.js:885:16)
14 verbose stack     at Process.ChildProcess._handle.onexit (internal/child_process.js:226:5)
15 verbose pkgid browserstream@0.0.0
16 verbose cwd /Users/alexbannon/alex/projects/browserstream
17 error Darwin 16.4.0
18 error argv "/Users/alexbannon/.nvm/versions/node/v7.4.0/bin/node" "/Users/alexbannon/.nvm/versions/node/v7.4.0/bin/npm" "run" "jshint"
19 error node v7.4.0
20 error npm  v4.0.5
21 error code ELIFECYCLE
22 error browserstream@0.0.0 jshint: `jshint .`
22 error Exit status 2
23 error Failed at the browserstream@0.0.0 jshint script 'jshint .'.
23 error Make sure you have the latest version of node.js and npm installed.
23 error If you do, this is most likely a problem with the browserstream package,
23 error not with npm itself.
23 error Tell the author that this fails on your system:
23 error     jshint .
23 error You can get information on how to open an issue for this project with:
23 error     npm bugs browserstream
23 error Or if that isn't available, you can get their info via:
23 error     npm owner ls browserstream
23 error There is likely additional logging output above.
24 verbose exit [ 1, true ]
